<?xml version="1.0" encoding="UTF-8"?>
<!-- Generated by org.testng.reporters.JUnitXMLReporter -->
<testsuite ignored="0" hostname="DESKTOP-FVFL2BF" failures="0" tests="3" name="endToEndTest" time="31.473" errors="0" timestamp="2025-03-18T07:53:23 IST">
  <testcase classname="learningselenium.tests.endToEndTest" name="submitTest" time="7.894"/>
  <testcase classname="learningselenium.tests.endToEndTest" name="submitTest" time="5.347"/>
  <testcase classname="learningselenium.tests.endToEndTest" name="verifyOrder" time="1.259"/>
</testsuite> <!-- endToEndTest -->
