<?xml version="1.0" encoding="UTF-8"?>
<!-- Generated by org.testng.reporters.JUnitXMLReporter -->
<testsuite ignored="0" hostname="DESKTOP-FVFL2BF" failures="0" tests="2" name="ErrorValidationTest" time="7.397" errors="0" timestamp="2025-03-11T01:26:20 IST">
  <testcase classname="learningselenium.tests.ErrorValidation" name="pageCatalogueError" time="2.399"/>
  <testcase classname="learningselenium.tests.ErrorValidation" name="pageLoginError" time="0.55"/>
</testsuite> <!-- ErrorValidationTest -->
