<?xml version="1.0" encoding="UTF-8"?>
<!-- Generated by org.testng.reporters.JUnitXMLReporter -->
<testsuite ignored="1" hostname="DESKTOP-FVFL2BF" failures="0" tests="2" name="EndToEndTest" time="16.252" errors="0" timestamp="2025-03-18T17:23:04 IST">
  <testcase classname="learningselenium.tests.endToEndTest" name="submitTest" time="3.767"/>
  <testcase classname="learningselenium.tests.endToEndTest" name="submitTest" time="3.597"/>
  <testcase classname="learningselenium.tests.endToEndTest" name="verifyOrder" time="0.0">
    <ignored/>
  </testcase> <!-- verifyOrder -->
</testsuite> <!-- EndToEndTest -->
