<?xml version="1.0" encoding="UTF-8"?>
<!-- Generated by org.testng.reporters.JUnitXMLReporter -->
<testsuite ignored="2" hostname="DESKTOP-FVFL2BF" failures="0" tests="0" time="0.027" errors="0" timestamp="2025-03-18T17:22:48 IST">
  <testcase classname="learningselenium.tests.ErrorValidationTest" name="pageCatalogueError" time="0.0">
    <ignored/>
  </testcase> <!-- pageCatalogueError -->
  <testcase classname="learningselenium.tests.ErrorValidationTest" name="pageLoginError" time="0.0">
    <ignored/>
  </testcase> <!-- pageLoginError -->
</testsuite>
